2014-04-20 04:07:14.249+0000 INFO  [org.neo4j]: --- INITIALIZED diagnostics START ---
2014-04-20 04:07:14.273+0000 INFO  [org.neo4j]: Neo4j Kernel properties:
    neostore.propertystore.db.mapped_memory=625M
    neostore.nodestore.db.mapped_memory=173M
    neostore.relationshipstore.db.mapped_memory=765M
    neostore.propertystore.db.strings.mapped_memory=531M
    store_dir=db/Neo4j/target/neo4j-db
    neostore.propertystore.db.arrays.mapped_memory=602M
    ephemeral=false
2014-04-20 04:07:14.280+0000 INFO  [org.neo4j]: Diagnostics providers:
    org.neo4j.kernel.configuration.Config
    org.neo4j.kernel.info.DiagnosticsManager
    SYSTEM_MEMORY
    JAVA_MEMORY
    OPERATING_SYSTEM
    JAVA_VIRTUAL_MACHINE
    CLASSPATH
    LIBRARY_PATH
    SYSTEM_PROPERTIES
    NETWORK
2014-04-20 04:07:14.281+0000 INFO  [org.neo4j]: System memory information:
    Total Physical memory: 30.00 GB
    Free Physical memory: 128.00 MB
    Committed virtual memory: 64.00 MB
    Total swap space: 0.00 B
    Free swap space: 0.00 B
2014-04-20 04:07:14.286+0000 INFO  [org.neo4j]: JVM memory information:
    Free  memory: 4.86 MB
    Total memory: 8.63 MB
    Max   memory: 137.31 MB
    Garbage Collector: Copy: [Eden Space, Survivor Space]
    Garbage Collector: MarkSweepCompact: [Eden Space, Survivor Space, Tenured Gen, Perm Gen]
    Memory Pool: Code Cache (Non-heap memory): committed=2.44 MB, used=541.19 kB, max=48.00 MB, threshold=0.00 B
    Memory Pool: Eden Space (Heap memory): committed=2.44 MB, used=1.92 MB, max=37.94 MB, threshold=?
    Memory Pool: Survivor Space (Heap memory): committed=256.00 kB, used=255.82 kB, max=4.69 MB, threshold=?
    Memory Pool: Tenured Gen (Heap memory): committed=5.94 MB, used=1.65 MB, max=94.69 MB, threshold=0.00 B
    Memory Pool: Perm Gen (Non-heap memory): committed=20.75 MB, used=6.32 MB, max=82.00 MB, threshold=0.00 B
2014-04-20 04:07:14.291+0000 INFO  [org.neo4j]: Operating system information:
    Operating System: Mac OS X; version: 10.9.2; arch: x86_64; cpus: 4
    Max number of file descriptors: 10240
    Number of open file descriptors: 100
    Process id: 2648@Ameya-Koshti.local
    Byte order: LITTLE_ENDIAN
    Local timezone: America/Los_Angeles
2014-04-20 04:07:14.635+0000 INFO  [org.neo4j]: JVM information:
    VM Name: Java HotSpot(TM) 64-Bit Server VM
    VM Vendor: Oracle Corporation
    VM Version: 23.0-b21
    JIT compiler: HotSpot 64-Bit Tiered Compilers
    VM Arguments: [-Dfile.encoding=US-ASCII]
2014-04-20 04:07:14.636+0000 INFO  [org.neo4j]: Java classpath:
     [loader.1] file:/Library/Java/JavaVirtualMachines/1.7.0.jdk/Contents/Home/jre/lib/ext/localedata.jar
     [bootstrap] /Library/Java/JavaVirtualMachines/1.7.0.jdk/Contents/Home/jre/lib/rt.jar
     [loader.1] file:/System/Library/Java/Extensions/dns_sd.jar
     [classpath + loader.0] file:/Users/ameyakoshti/Documents/workspace/BG/lib/jackson-core-asl-1.5.2.jar
     [loader.1] file:/System/Library/Java/Extensions/MRJToolkit.jar
     [classpath + loader.0] file:/Users/ameyakoshti/Documents/workspace/BG/db/Blueprints/lib/blueprints/blueprints-neo4j-graph-2.4.0.jar
     [bootstrap] /Library/Java/JavaVirtualMachines/1.7.0.jdk/Contents/Home/jre/lib/jce.jar
     [loader.1] file:/System/Library/Java/Extensions/vecmath.jar
     [loader.1] file:/System/Library/Java/Extensions/libmlib_jai.jnilib
     [classpath + loader.0] file:/Users/ameyakoshti/Documents/workspace/BG/lib/slf4j-api-1.5.6.jar
     [classpath + loader.0] file:/Users/ameyakoshti/Documents/workspace/BG/lib/mongo-2.10.1.jar
     [classpath + loader.0] file:/Users/ameyakoshti/Documents/workspace/BG/lib/mysql-connector-java-5.1.18-bin.jar
     [classpath + loader.0] file:/Users/ameyakoshti/Documents/workspace/BG/lib/maven-ant-tasks-2.1.3.jar
     [loader.1] file:/Library/Java/JavaVirtualMachines/1.7.0.jdk/Contents/Home/jre/lib/ext/zipfs.jar
     [loader.1] file:/Library/Java/JavaVirtualMachines/1.7.0.jdk/Contents/Home/jre/lib/ext/dnsns.jar
     [classpath + loader.0] file:/Users/ameyakoshti/Documents/workspace/BG/db/Neo4j/lib/org.apache.servicemix.bundles.jline-0.9.94_1.jar
     [classpath + loader.0] file:/Users/ameyakoshti/Documents/workspace/BG/lib/jackson-mapper-asl-1.5.2.jar
     [classpath + loader.0] file:/Users/ameyakoshti/Documents/workspace/BG/db/Blueprints/lib/commons-configuration-1.10.jar
     [classpath + loader.0] file:/Users/ameyakoshti/Documents/workspace/BG/lib/slf4j-simple-1.5.6.jar
     [loader.1] file:/System/Library/Java/Extensions/libJ3D.jnilib
     [loader.1] file:/Library/Java/JavaVirtualMachines/1.7.0.jdk/Contents/Home/jre/lib/ext/sunec.jar
     [bootstrap] /Library/Java/JavaVirtualMachines/1.7.0.jdk/Contents/Home/jre/lib/jfr.jar
     [loader.1] file:/System/Library/Java/Extensions/mlibwrapper_jai.jar
     [loader.1] file:/System/Library/Java/Extensions/QTJava.zip
     [bootstrap] /Library/Java/JavaVirtualMachines/1.7.0.jdk/Contents/Home/jre/lib/JObjC.jar
     [loader.1] file:/Library/Java/Extensions/librxtxSerial.jnilib
     [classpath + loader.0] file:/Users/ameyakoshti/Documents/workspace/BG/db/Neo4j/lib/neo4j-graph-matching-2.0.1.jar
     [classpath + loader.0] file:/Users/ameyakoshti/Documents/workspace/BG/db/Neo4j/lib/neo4j-cypher-compiler-2.0-2.0.1.jar
     [classpath + loader.0] file:/Users/ameyakoshti/Documents/workspace/BG/db/Neo4j/lib/scala-library-2.10.3.jar
     [classpath + loader.0] file:/Users/ameyakoshti/Documents/workspace/BG/lib/mongo-2.7.3.jar
     [loader.1] file:/System/Library/Java/Extensions/libJ3DAudio.jnilib
     [loader.1] file:/System/Library/Java/Extensions/libAppleScriptEngine.jnilib
     [classpath + loader.0] file:/Users/ameyakoshti/Documents/workspace/BG/db/Neo4j/lib/server-api-2.0.1.jar
     [bootstrap] /Library/Java/JavaVirtualMachines/1.7.0.jdk/Contents/Home/jre/lib/sunrsasign.jar
     [classpath + loader.0] file:/Users/ameyakoshti/Documents/workspace/BG/db/Neo4j/lib/parboiled-scala_2.10-1.1.6.jar
     [loader.1] file:/System/Library/Java/Extensions/j3daudio.jar
     [bootstrap] /Library/Java/JavaVirtualMachines/1.7.0.jdk/Contents/Home/jre/classes
     [loader.1] file:/System/Library/Java/Extensions/libJ3DUtils.jnilib
     [loader.1] file:/System/Library/Java/Extensions/libQTJNative.jnilib
     [classpath + loader.0] file:/Users/ameyakoshti/Documents/workspace/BG/lib/ehcache-core-2.6.0.jar
     [loader.1] file:/System/Library/Java/Extensions/j3dcore.jar
     [classpath + loader.0] file:/Users/ameyakoshti/Documents/workspace/BG/db/Neo4j/lib/neo4j-jmx-2.0.1.jar
     [classpath + loader.0] file:/Users/ameyakoshti/Documents/workspace/BG/db/Neo4j/lib/neo4j-cypher-compiler-1.9-2.0.1.jar
     [classpath + loader.0] file:/Users/ameyakoshti/Documents/workspace/BG/db/Neo4j/lib/neo4j-lucene-index-2.0.1.jar
     [loader.1] file:/usr/lib/java/libjdns_sd.jnilib
     [classpath + loader.0] file:/Users/ameyakoshti/Documents/workspace/BG/db/Neo4j/lib/neo4j-kernel-2.0.1.jar
     [loader.1] file:/Library/Java/Extensions/DBusJava.jar
     [classpath + loader.0] file:/Users/ameyakoshti/Documents/workspace/BG/db/Neo4j/lib/neo4j-graph-algo-2.0.1.jar
     [loader.1] file:/System/Library/Java/Extensions/j3dutils.jar
     [classpath + loader.0] file:/Users/ameyakoshti/Documents/workspace/BG/lib/cosarjdbcOracle.jar
     [loader.1] file:/System/Library/Java/Extensions/jai_core.jar
     [classpath + loader.0] file:/Users/ameyakoshti/Documents/workspace/BG/lib/slf4j-nop-1.5.6.jar
     [classpath + loader.0] file:/Users/ameyakoshti/Documents/workspace/BG/lib/
     [classpath + loader.0] file:/Users/ameyakoshti/Documents/workspace/BG/lib/clirr-core-0.6-uber.jar
     [loader.1] file:/System/Library/Java/Extensions/jai_codec.jar
     [classpath + loader.0] file:/Users/ameyakoshti/Documents/workspace/BG/db/Blueprints/lib/frames/frames-kibble-2.5.0.jar
     [classpath + loader.0] file:/Users/ameyakoshti/Documents/workspace/BG/db/Blueprints/lib/commons-lang-2.6.jar
     [classpath + loader.0] file:/Users/ameyakoshti/Documents/workspace/BG/lib/WhalinMemcached.jar
     [classpath + loader.0] file:/Users/ameyakoshti/Documents/workspace/BG/db/Neo4j/lib/lucene-core-3.6.2.jar
     [classpath + loader.0] file:/Users/ameyakoshti/Documents/workspace/BG/lib/IntervalTree.jar
     [bootstrap] /Library/Java/JavaVirtualMachines/1.7.0.jdk/Contents/Home/jre/lib/charsets.jar
     [classpath + loader.0] file:/Users/ameyakoshti/Documents/workspace/BG/db/Blueprints/lib/commons-logging-1.1.3.jar
     [classpath + loader.0] file:/Users/ameyakoshti/Documents/workspace/BG/db/Neo4j/lib/concurrentlinkedhashmap-lru-1.3.1.jar
     [classpath + loader.0] file:/Users/ameyakoshti/Documents/workspace/BG/db/Blueprints/lib/blueprints/blueprints-core-2.4.0.jar
     [classpath + loader.0] file:/Users/ameyakoshti/Documents/workspace/BG/lib/ojdbc6.jar
     [loader.1] file:/Library/Java/Extensions/RXTXcomm.jar
     [classpath + loader.0] file:/Users/ameyakoshti/Documents/workspace/BG/lib/sqljdbc4.jar
     [classpath + loader.0] file:/Users/ameyakoshti/Documents/workspace/BG/bin/
     [classpath + loader.0] file:/Users/ameyakoshti/Documents/workspace/BG/db/Neo4j/lib/parboiled-core-1.1.6.jar
     [classpath + loader.0] file:/Users/ameyakoshti/Documents/workspace/BG/db/Neo4j/lib/neo4j-shell-2.0.1.jar
     [loader.1] file:/Library/Java/JavaVirtualMachines/1.7.0.jdk/Contents/Home/jre/lib/ext/sunjce_provider.jar
     [classpath + loader.0] file:/Users/ameyakoshti/Documents/workspace/BG/db/Neo4j/lib/neo4j-cypher-commons-2.0.1.jar
     [classpath + loader.0] file:/Users/ameyakoshti/Documents/workspace/BG/lib/testng-6.3.1.jar
     [classpath + loader.0] file:/Users/ameyakoshti/Documents/workspace/BG/lib/xmemcached-1.3.8.jar
     [classpath + loader.0] file:/Users/ameyakoshti/Documents/workspace/BG/db/Blueprints/lib/frames/frames-2.5.0.jar
     [loader.1] file:/Library/Java/JavaVirtualMachines/1.7.0.jdk/Contents/Home/jre/lib/ext/sunpkcs11.jar
     [classpath + loader.0] file:/Users/ameyakoshti/Documents/workspace/BG/db/Neo4j/lib/neo4j-udc-2.0.1.jar
     [classpath + loader.0] file:/Users/ameyakoshti/Documents/workspace/BG/db/Neo4j/lib/geronimo-jta_1.1_spec-1.1.1.jar
     [loader.1] file:/System/Library/Java/Extensions/AppleScriptEngine.jar
     [classpath + loader.0] file:/Users/ameyakoshti/Documents/workspace/BG/lib/ant-contrib-1.0b3.jar
     [bootstrap] /Library/Java/JavaVirtualMachines/1.7.0.jdk/Contents/Home/jre/lib/jsse.jar
     [classpath + loader.0] file:/Users/ameyakoshti/Documents/workspace/BG/db/Neo4j/lib/neo4j-cypher-2.0.1.jar
     [classpath + loader.0] file:/Users/ameyakoshti/Documents/workspace/BG/lib/spymemcached-2.8.4.jar
     [bootstrap] /Library/Java/JavaVirtualMachines/1.7.0.jdk/Contents/Home/jre/lib/resources.jar
2014-04-20 04:07:14.641+0000 INFO  [org.neo4j]: Library path:
    /Users/ameyakoshti/Library/Java/Extensions
    /Library/Java/Extensions
    /Network/Library/Java/Extensions
    /System/Library/Java/Extensions
    /usr/lib/java
    /Users/ameyakoshti/Documents/workspace/BG
2014-04-20 04:07:14.642+0000 INFO  [org.neo4j]: System.properties:
    sun.boot.library.path = /Library/Java/JavaVirtualMachines/1.7.0.jdk/Contents/Home/jre/lib
    user.country.format = US_POSIX
    gopherProxySet = false
    path.separator = :
    file.encoding.pkg = sun.io
    user.country = US
    sun.java.launcher = SUN_STANDARD
    sun.os.patch.level = unknown
    user.dir = /Users/ameyakoshti/Documents/workspace/BG
    sun.jnu.encoding = US-ASCII
    sun.management.compiler = HotSpot 64-Bit Tiered Compilers
    http.nonProxyHosts = local|*.local|169.254/16|*.169.254/16
    user.home = /Users/ameyakoshti
    user.timezone = America/Los_Angeles
    file.encoding = US-ASCII
    user.name = ameyakoshti
    sun.java.command = edu.usc.bg.FunctionCommandLine -db Neo4j.neo4j -p Neo4j.url=db/Neo4j/target/neo4j-db
    sun.arch.data.model = 64
    user.language = en
    awt.toolkit = sun.lwawt.macosx.LWCToolkit
    file.separator = /
    sun.io.unicode.encoding = UnicodeBig
    sun.cpu.endian = little
    socksNonProxyHosts = local|*.local|169.254/16|*.169.254/16
    ftp.nonProxyHosts = local|*.local|169.254/16|*.169.254/16
    sun.cpu.isalist = 
2014-04-20 04:07:14.643+0000 INFO  [org.neo4j]: Network information:
    Interface en0:
        address: fe80:0:0:0:3e07:54ff:fe55:9821%4
        address: 192.168.0.5
    Interface lo0:
        address: fe80:0:0:0:0:0:0:1%1
        address: 0:0:0:0:0:0:0:1
        address: 127.0.0.1
2014-04-20 04:07:14.648+0000 INFO  [org.neo4j]: --- INITIALIZED diagnostics END ---
2014-04-20 04:07:14.854+0000 INFO  [org.neo4j]: Creating new db @ db/Neo4j/target/neo4j-db/neostore
2014-04-20 04:07:14.964+0000 INFO  [org.neo4j]: [db/Neo4j/target/neo4j-db/neostore.relationshiptypestore.db.names] brickCount=0 brickSize=0b mappedMem=0b (storeSize=38b)
2014-04-20 04:07:14.966+0000 INFO  [org.neo4j]: [db/Neo4j/target/neo4j-db/neostore.relationshiptypestore.db] brickCount=0 brickSize=0b mappedMem=0b (storeSize=0b)
2014-04-20 04:07:14.967+0000 INFO  [org.neo4j]: db/Neo4j/target/neo4j-db/neostore.relationshiptypestore.db.names hit=0 miss=0 switches=0 ooe=0
2014-04-20 04:07:14.972+0000 INFO  [org.neo4j]: db/Neo4j/target/neo4j-db/neostore.relationshiptypestore.db hit=0 miss=0 switches=0 ooe=0
2014-04-20 04:07:14.979+0000 INFO  [org.neo4j]: [db/Neo4j/target/neo4j-db/neostore.labeltokenstore.db.names] brickCount=0 brickSize=0b mappedMem=0b (storeSize=38b)
2014-04-20 04:07:14.980+0000 INFO  [org.neo4j]: [db/Neo4j/target/neo4j-db/neostore.labeltokenstore.db] brickCount=0 brickSize=0b mappedMem=0b (storeSize=0b)
2014-04-20 04:07:14.980+0000 INFO  [org.neo4j]: db/Neo4j/target/neo4j-db/neostore.labeltokenstore.db.names hit=0 miss=0 switches=0 ooe=0
2014-04-20 04:07:14.982+0000 INFO  [org.neo4j]: db/Neo4j/target/neo4j-db/neostore.labeltokenstore.db hit=0 miss=0 switches=0 ooe=0
2014-04-20 04:07:14.988+0000 INFO  [org.neo4j]: [db/Neo4j/target/neo4j-db/neostore.relationshiptypestore.db.names] brickCount=0 brickSize=0b mappedMem=0b (storeSize=38b)
2014-04-20 04:07:14.989+0000 INFO  [org.neo4j]: [db/Neo4j/target/neo4j-db/neostore.relationshiptypestore.db] brickCount=0 brickSize=0b mappedMem=0b (storeSize=0b)
2014-04-20 04:07:14.989+0000 INFO  [org.neo4j]: [db/Neo4j/target/neo4j-db/neostore.labeltokenstore.db.names] brickCount=0 brickSize=0b mappedMem=0b (storeSize=38b)
2014-04-20 04:07:14.989+0000 INFO  [org.neo4j]: [db/Neo4j/target/neo4j-db/neostore.labeltokenstore.db] brickCount=0 brickSize=0b mappedMem=0b (storeSize=0b)
2014-04-20 04:07:14.990+0000 INFO  [org.neo4j]: [db/Neo4j/target/neo4j-db/neostore.propertystore.db.strings] brickCount=0 brickSize=556672b mappedMem=556793856b (storeSize=128b)
2014-04-20 04:07:14.990+0000 INFO  [org.neo4j]: [db/Neo4j/target/neo4j-db/neostore.propertystore.db.index.keys] brickCount=0 brickSize=0b mappedMem=0b (storeSize=38b)
2014-04-20 04:07:14.991+0000 INFO  [org.neo4j]: [db/Neo4j/target/neo4j-db/neostore.propertystore.db.index] brickCount=0 brickSize=0b mappedMem=0b (storeSize=0b)
2014-04-20 04:07:14.991+0000 INFO  [org.neo4j]: [db/Neo4j/target/neo4j-db/neostore.propertystore.db.arrays] brickCount=0 brickSize=631168b mappedMem=631242752b (storeSize=128b)
2014-04-20 04:07:14.994+0000 INFO  [org.neo4j]: [db/Neo4j/target/neo4j-db/neostore.propertystore.db] brickCount=0 brickSize=6553563b mappedMem=655360000b (storeSize=0b)
2014-04-20 04:07:14.998+0000 INFO  [org.neo4j]: [db/Neo4j/target/neo4j-db/neostore.relationshipstore.db] brickCount=0 brickSize=8021574b mappedMem=802160640b (storeSize=0b)
2014-04-20 04:07:14.998+0000 INFO  [org.neo4j]: [db/Neo4j/target/neo4j-db/neostore.nodestore.db.labels] brickCount=0 brickSize=0b mappedMem=0b (storeSize=68b)
2014-04-20 04:07:15.000+0000 INFO  [org.neo4j]: [db/Neo4j/target/neo4j-db/neostore.nodestore.db] brickCount=0 brickSize=1814036b mappedMem=181403648b (storeSize=0b)
2014-04-20 04:07:15.001+0000 INFO  [org.neo4j]: [db/Neo4j/target/neo4j-db/neostore.schemastore.db] brickCount=0 brickSize=0b mappedMem=0b (storeSize=64b)
2014-04-20 04:07:15.001+0000 INFO  [org.neo4j]: [db/Neo4j/target/neo4j-db/neostore] brickCount=0 brickSize=0b mappedMem=0b (storeSize=0b)
2014-04-20 04:07:15.007+0000 INFO  [org.neo4j]: db/Neo4j/target/neo4j-db/neostore.relationshiptypestore.db.names hit=0 miss=0 switches=0 ooe=0
2014-04-20 04:07:15.009+0000 INFO  [org.neo4j]: db/Neo4j/target/neo4j-db/neostore.relationshiptypestore.db hit=0 miss=0 switches=0 ooe=0
2014-04-20 04:07:15.011+0000 INFO  [org.neo4j]: db/Neo4j/target/neo4j-db/neostore.labeltokenstore.db.names hit=0 miss=0 switches=0 ooe=0
2014-04-20 04:07:15.013+0000 INFO  [org.neo4j]: db/Neo4j/target/neo4j-db/neostore.labeltokenstore.db hit=0 miss=0 switches=0 ooe=0
2014-04-20 04:07:15.015+0000 INFO  [org.neo4j]: db/Neo4j/target/neo4j-db/neostore.propertystore.db.strings hit=0 miss=0 switches=0 ooe=0
2014-04-20 04:07:15.018+0000 INFO  [org.neo4j]: db/Neo4j/target/neo4j-db/neostore.propertystore.db.index.keys hit=0 miss=0 switches=0 ooe=0
2014-04-20 04:07:15.021+0000 INFO  [org.neo4j]: db/Neo4j/target/neo4j-db/neostore.propertystore.db.index hit=0 miss=0 switches=0 ooe=0
2014-04-20 04:07:15.023+0000 INFO  [org.neo4j]: db/Neo4j/target/neo4j-db/neostore.propertystore.db.arrays hit=0 miss=0 switches=0 ooe=0
2014-04-20 04:07:15.025+0000 INFO  [org.neo4j]: db/Neo4j/target/neo4j-db/neostore.propertystore.db hit=0 miss=0 switches=0 ooe=0
2014-04-20 04:07:15.031+0000 INFO  [org.neo4j]: db/Neo4j/target/neo4j-db/neostore.relationshipstore.db hit=0 miss=0 switches=0 ooe=0
2014-04-20 04:07:15.035+0000 INFO  [org.neo4j]: db/Neo4j/target/neo4j-db/neostore.nodestore.db.labels hit=0 miss=0 switches=0 ooe=0
2014-04-20 04:07:15.037+0000 INFO  [org.neo4j]: db/Neo4j/target/neo4j-db/neostore.nodestore.db hit=0 miss=0 switches=0 ooe=0
2014-04-20 04:07:15.040+0000 INFO  [org.neo4j]: db/Neo4j/target/neo4j-db/neostore.schemastore.db hit=0 miss=0 switches=0 ooe=0
2014-04-20 04:07:15.043+0000 INFO  [org.neo4j]: db/Neo4j/target/neo4j-db/neostore hit=0 miss=8 switches=0 ooe=0
2014-04-20 04:07:15.051+0000 INFO  [org.neo4j]: [db/Neo4j/target/neo4j-db/neostore.relationshiptypestore.db.names] brickCount=0 brickSize=0b mappedMem=0b (storeSize=38b)
2014-04-20 04:07:15.052+0000 INFO  [org.neo4j]: [db/Neo4j/target/neo4j-db/neostore.relationshiptypestore.db] brickCount=0 brickSize=0b mappedMem=0b (storeSize=0b)
2014-04-20 04:07:15.052+0000 INFO  [org.neo4j]: [db/Neo4j/target/neo4j-db/neostore.labeltokenstore.db.names] brickCount=0 brickSize=0b mappedMem=0b (storeSize=38b)
2014-04-20 04:07:15.053+0000 INFO  [org.neo4j]: [db/Neo4j/target/neo4j-db/neostore.labeltokenstore.db] brickCount=0 brickSize=0b mappedMem=0b (storeSize=0b)
2014-04-20 04:07:15.054+0000 INFO  [org.neo4j]: [db/Neo4j/target/neo4j-db/neostore.propertystore.db.strings] brickCount=0 brickSize=556672b mappedMem=556793856b (storeSize=128b)
2014-04-20 04:07:15.054+0000 INFO  [org.neo4j]: [db/Neo4j/target/neo4j-db/neostore.propertystore.db.index.keys] brickCount=0 brickSize=0b mappedMem=0b (storeSize=38b)
2014-04-20 04:07:15.055+0000 INFO  [org.neo4j]: [db/Neo4j/target/neo4j-db/neostore.propertystore.db.index] brickCount=0 brickSize=0b mappedMem=0b (storeSize=0b)
2014-04-20 04:07:15.056+0000 INFO  [org.neo4j]: [db/Neo4j/target/neo4j-db/neostore.propertystore.db.arrays] brickCount=0 brickSize=631168b mappedMem=631242752b (storeSize=128b)
2014-04-20 04:07:15.056+0000 INFO  [org.neo4j]: [db/Neo4j/target/neo4j-db/neostore.propertystore.db] brickCount=0 brickSize=6553563b mappedMem=655360000b (storeSize=0b)
2014-04-20 04:07:15.057+0000 INFO  [org.neo4j]: [db/Neo4j/target/neo4j-db/neostore.relationshipstore.db] brickCount=0 brickSize=8021574b mappedMem=802160640b (storeSize=0b)
2014-04-20 04:07:15.058+0000 INFO  [org.neo4j]: [db/Neo4j/target/neo4j-db/neostore.nodestore.db.labels] brickCount=0 brickSize=0b mappedMem=0b (storeSize=68b)
2014-04-20 04:07:15.058+0000 INFO  [org.neo4j]: [db/Neo4j/target/neo4j-db/neostore.nodestore.db] brickCount=0 brickSize=1814036b mappedMem=181403648b (storeSize=0b)
2014-04-20 04:07:15.059+0000 INFO  [org.neo4j]: [db/Neo4j/target/neo4j-db/neostore.schemastore.db] brickCount=0 brickSize=0b mappedMem=0b (storeSize=64b)
2014-04-20 04:07:15.060+0000 INFO  [org.neo4j]: [db/Neo4j/target/neo4j-db/neostore] brickCount=0 brickSize=0b mappedMem=0b (storeSize=63b)
2014-04-20 04:07:15.187+0000 INFO  [org.neo4j]: No lucene scan store index found, this might just be first use. Preparing to rebuild.
2014-04-20 04:07:15.225+0000 INFO  [org.neo4j]: No lucene scan store index found, this might just be first use. Preparing to rebuild.
2014-04-20 04:07:15.396+0000 INFO  [org.neo4j]: Opened logical log [db/Neo4j/target/neo4j-db/nioneo_logical.log.1] version=0, lastTxId=1 (clean)
2014-04-20 04:07:15.401+0000 INFO  [org.neo4j]: Rebuilding lucene scan store, this may take a while
2014-04-20 04:07:15.402+0000 INFO  [org.neo4j]: Lucene scan store rebuilt (roughly -1 nodes)
2014-04-20 04:07:15.405+0000 INFO  [org.neo4j]: TM new log: tm_tx_log.1
2014-04-20 04:07:15.426+0000 INFO  [org.neo4j]: Opened logical log [db/Neo4j/target/neo4j-db/index/lucene.log.1] version=0, lastTxId=1 (clean)
2014-04-20 04:07:15.432+0000 INFO  [org.neo4j]: --- STARTED diagnostics for KernelDiagnostics:Versions START ---
2014-04-20 04:07:15.433+0000 INFO  [org.neo4j]: Graph Database: org.neo4j.kernel.EmbeddedGraphDatabase StoreId[time:1397966834915, id:6876700014619853012, store version: 13843131341501958]
2014-04-20 04:07:15.433+0000 INFO  [org.neo4j]: Kernel version: Neo4j - Graph Database Kernel (neo4j-kernel), version: 2.0.1
2014-04-20 04:07:15.433+0000 INFO  [org.neo4j]: Neo4j component versions:
2014-04-20 04:07:15.442+0000 INFO  [org.neo4j]:   Neo4j - Lucene Index (neo4j-lucene-index), version: 2.0.1; revision: 2.0.1:master:878/8bb63c9c059d8a491b7909e08da86a820c28d3a5
2014-04-20 04:07:15.442+0000 INFO  [org.neo4j]:   Neo4j - JMX support (neo4j-jmx), version: 2.0.1; revision: 2.0.1:master:878/8bb63c9c059d8a491b7909e08da86a820c28d3a5
2014-04-20 04:07:15.443+0000 INFO  [org.neo4j]:   Neo4j - Graph Matching (neo4j-graph-matching), version: 2.0.1; revision: 2.0.1:master:878/8bb63c9c059d8a491b7909e08da86a820c28d3a5
2014-04-20 04:07:15.443+0000 INFO  [org.neo4j]:   Neo4j Server API (server-api), version: 2.0.1; revision: 2.0.1:master:878/8bb63c9c059d8a491b7909e08da86a820c28d3a5
2014-04-20 04:07:15.443+0000 INFO  [org.neo4j]:   Neo4j - Graph Database Kernel (neo4j-kernel), version: 2.0.1; revision: 2.0.1:master:878/8bb63c9c059d8a491b7909e08da86a820c28d3a5
2014-04-20 04:07:15.443+0000 INFO  [org.neo4j]:   Neo4j - Cypher (neo4j-cypher), version: 2.0.1; revision: 2.0.1:master:878/8bb63c9c059d8a491b7909e08da86a820c28d3a5
2014-04-20 04:07:15.443+0000 INFO  [org.neo4j]:   Neo4j - Graph Algorithms (neo4j-graph-algo), version: 2.0.1; revision: 2.0.1:master:878/8bb63c9c059d8a491b7909e08da86a820c28d3a5
2014-04-20 04:07:15.443+0000 INFO  [org.neo4j]:   Neo4j - Cypher Compiler 2.0 (neo4j-cypher-compiler-2.0), version: 2.0.1; revision: 2.0.1:master:878/8bb63c9c059d8a491b7909e08da86a820c28d3a5
2014-04-20 04:07:15.443+0000 INFO  [org.neo4j]:   Neo4j - Generic shell (neo4j-shell), version: 2.0.1; revision: 2.0.1:master:878/8bb63c9c059d8a491b7909e08da86a820c28d3a5
2014-04-20 04:07:15.444+0000 INFO  [org.neo4j]:   Neo4j - Cypher Compiler 1.9 (neo4j-cypher-compiler-1.9), version: 2.0.1; revision: 2.0.1:master:878/8bb63c9c059d8a491b7909e08da86a820c28d3a5
2014-04-20 04:07:15.444+0000 INFO  [org.neo4j]:   neo4j-udc, version: 2.0.1; revision: 2.0.1:master:878/8bb63c9c059d8a491b7909e08da86a820c28d3a5
2014-04-20 04:07:15.444+0000 INFO  [org.neo4j]:   Neo4j - Cypher Commons (neo4j-cypher-commons), version: 2.0.1; revision: 2.0.1:master:878/8bb63c9c059d8a491b7909e08da86a820c28d3a5
2014-04-20 04:07:15.444+0000 INFO  [org.neo4j]: --- STARTED diagnostics for KernelDiagnostics:Versions END ---
2014-04-20 04:07:15.449+0000 INFO  [org.neo4j]: --- STARTED diagnostics for NEO_STORE_VERSIONS START ---
2014-04-20 04:07:15.450+0000 INFO  [org.neo4j]: Store versions:
    Store versions:
      NeoStore v0.A.1
      SchemaStore v0.A.1
      NodeStore v0.A.1
      RelationshipStore v0.A.1
      RelationshipTypeStore v0.A.1
      LabelTokenStore v0.A.1
      PropertyStore v0.A.1
      PropertyIndexStore v0.A.1
      StringPropertyStore v0.A.1
      ArrayPropertyStore v0.A.1
2014-04-20 04:07:15.451+0000 INFO  [org.neo4j]: --- STARTED diagnostics for NEO_STORE_VERSIONS END ---
2014-04-20 04:07:15.451+0000 INFO  [org.neo4j]: --- STARTED diagnostics for NEO_STORE_ID_USAGE START ---
2014-04-20 04:07:15.451+0000 INFO  [org.neo4j]: Id usage:
    Id usage:
      SchemaStore: used=1 high=0
      NodeStore: used=0 high=-1
      RelationshipStore: used=0 high=-1
      RelationshipTypeStore: used=0 high=-1
      LabelTokenStore: used=0 high=-1
      PropertyStore: used=0 high=-1
      PropertyIndexStore: used=0 high=-1
      StringPropertyStore: used=1 high=0
      ArrayPropertyStore: used=1 high=0
2014-04-20 04:07:15.453+0000 INFO  [org.neo4j]: --- STARTED diagnostics for NEO_STORE_ID_USAGE END ---
2014-04-20 04:07:15.453+0000 INFO  [org.neo4j]: --- STARTED diagnostics for PERSISTENCE_WINDOW_POOL_STATS START ---
2014-04-20 04:07:15.453+0000 INFO  [org.neo4j]: --- STARTED diagnostics for PERSISTENCE_WINDOW_POOL_STATS END ---
2014-04-20 04:07:15.454+0000 INFO  [org.neo4j]: --- STARTED diagnostics for KernelDiagnostics:StoreFiles START ---
2014-04-20 04:07:15.454+0000 INFO  [org.neo4j]: Disk space on partition (Total / Free / Free %): 459248103424 / 133701697536 / 29
Storage files: (filename : modification date - size)
      active_tx_log: 2014-04-19T21:07:15-0700 - 11.00 B
      index:
        lucene-store.db: 2014-04-19T21:07:15-0700 - 40.00 B
        lucene.log.1: 2014-04-19T21:07:15-0700 - 16.00 B
        lucene.log.active: 2014-04-19T21:07:15-0700 - 4.00 B
      - Total: 2014-04-19T21:07:15-0700 - 60.00 B
      lock: 2014-04-19T21:07:15-0700 - 0.00 B
      messages.log: 2014-04-19T21:07:15-0700 - 24.26 kB
      neostore: 2014-04-19T21:07:15-0700 - 63.00 B
      neostore.id: 2014-04-19T21:07:15-0700 - 9.00 B
      neostore.labeltokenstore.db: 2014-04-19T21:07:15-0700 - 0.00 B
      neostore.labeltokenstore.db.id: 2014-04-19T21:07:15-0700 - 9.00 B
      neostore.labeltokenstore.db.names: 2014-04-19T21:07:15-0700 - 38.00 B
      neostore.labeltokenstore.db.names.id: 2014-04-19T21:07:15-0700 - 9.00 B
      neostore.nodestore.db: 2014-04-19T21:07:15-0700 - 0.00 B
      neostore.nodestore.db.id: 2014-04-19T21:07:15-0700 - 9.00 B
      neostore.nodestore.db.labels: 2014-04-19T21:07:15-0700 - 68.00 B
      neostore.nodestore.db.labels.id: 2014-04-19T21:07:15-0700 - 9.00 B
      neostore.propertystore.db: 2014-04-19T21:07:15-0700 - 0.00 B
      neostore.propertystore.db.arrays: 2014-04-19T21:07:15-0700 - 128.00 B
      neostore.propertystore.db.arrays.id: 2014-04-19T21:07:15-0700 - 9.00 B
      neostore.propertystore.db.id: 2014-04-19T21:07:15-0700 - 9.00 B
      neostore.propertystore.db.index: 2014-04-19T21:07:15-0700 - 0.00 B
      neostore.propertystore.db.index.id: 2014-04-19T21:07:15-0700 - 9.00 B
      neostore.propertystore.db.index.keys: 2014-04-19T21:07:15-0700 - 38.00 B
      neostore.propertystore.db.index.keys.id: 2014-04-19T21:07:15-0700 - 9.00 B
      neostore.propertystore.db.strings: 2014-04-19T21:07:15-0700 - 128.00 B
      neostore.propertystore.db.strings.id: 2014-04-19T21:07:15-0700 - 9.00 B
      neostore.relationshipstore.db: 2014-04-19T21:07:15-0700 - 0.00 B
      neostore.relationshipstore.db.id: 2014-04-19T21:07:15-0700 - 9.00 B
      neostore.relationshiptypestore.db: 2014-04-19T21:07:15-0700 - 0.00 B
      neostore.relationshiptypestore.db.id: 2014-04-19T21:07:15-0700 - 9.00 B
      neostore.relationshiptypestore.db.names: 2014-04-19T21:07:15-0700 - 38.00 B
      neostore.relationshiptypestore.db.names.id: 2014-04-19T21:07:15-0700 - 9.00 B
      neostore.schemastore.db: 2014-04-19T21:07:15-0700 - 64.00 B
      neostore.schemastore.db.id: 2014-04-19T21:07:15-0700 - 9.00 B
      nioneo_logical.log.1: 2014-04-19T21:07:15-0700 - 16.00 B
      nioneo_logical.log.active: 2014-04-19T21:07:15-0700 - 4.00 B
      schema:
        label:
          lucene:
            write.lock: 2014-04-19T21:07:15-0700 - 0.00 B
          - Total: 2014-04-19T21:07:15-0700 - 0.00 B
        - Total: 2014-04-19T21:07:15-0700 - 0.00 B
      - Total: 2014-04-19T21:07:15-0700 - 0.00 B
      store_lock: 2014-04-19T21:07:14-0700 - 0.00 B
      tm_tx_log.1: 2014-04-19T21:07:15-0700 - 0.00 B
2014-04-20 04:07:15.472+0000 INFO  [org.neo4j]: --- STARTED diagnostics for KernelDiagnostics:StoreFiles END ---
2014-04-20 04:07:15.515+0000 INFO  [org.neo4j]: GC Monitor started. 
2014-04-20 04:07:15.516+0000 INFO  [org.neo4j]: Database is now ready
2014-04-20 04:07:18.934+0000 INFO  [org.neo4j]: Shutdown started
2014-04-20 04:07:18.935+0000 INFO  [org.neo4j]: Database is now unavailable
2014-04-20 04:07:18.935+0000 INFO  [org.neo4j]: GC Monitor stopped. 
2014-04-20 04:07:18.941+0000 INFO  [org.neo4j]: Closed log db/Neo4j/target/neo4j-db/index/lucene.log
2014-04-20 04:07:18.942+0000 INFO  [org.neo4j]: TM shutting down
2014-04-20 04:07:18.949+0000 INFO  [org.neo4j]: Closed log db/Neo4j/target/neo4j-db/nioneo_logical.log
2014-04-20 04:07:18.950+0000 INFO  [org.neo4j]: db/Neo4j/target/neo4j-db/neostore.relationshiptypestore.db.names hit=0 miss=0 switches=0 ooe=0
2014-04-20 04:07:18.953+0000 INFO  [org.neo4j]: db/Neo4j/target/neo4j-db/neostore.relationshiptypestore.db hit=0 miss=0 switches=0 ooe=0
2014-04-20 04:07:18.954+0000 INFO  [org.neo4j]: db/Neo4j/target/neo4j-db/neostore.labeltokenstore.db.names hit=0 miss=0 switches=0 ooe=0
2014-04-20 04:07:18.956+0000 INFO  [org.neo4j]: db/Neo4j/target/neo4j-db/neostore.labeltokenstore.db hit=0 miss=0 switches=0 ooe=0
2014-04-20 04:07:18.958+0000 INFO  [org.neo4j]: db/Neo4j/target/neo4j-db/neostore.propertystore.db.strings hit=0 miss=0 switches=0 ooe=0
2014-04-20 04:07:18.962+0000 INFO  [org.neo4j]: db/Neo4j/target/neo4j-db/neostore.propertystore.db.index.keys hit=0 miss=0 switches=0 ooe=0
2014-04-20 04:07:18.964+0000 INFO  [org.neo4j]: db/Neo4j/target/neo4j-db/neostore.propertystore.db.index hit=0 miss=0 switches=0 ooe=0
2014-04-20 04:07:18.966+0000 INFO  [org.neo4j]: db/Neo4j/target/neo4j-db/neostore.propertystore.db.arrays hit=0 miss=0 switches=0 ooe=0
2014-04-20 04:07:18.968+0000 INFO  [org.neo4j]: db/Neo4j/target/neo4j-db/neostore.propertystore.db hit=0 miss=0 switches=0 ooe=0
2014-04-20 04:07:18.970+0000 INFO  [org.neo4j]: db/Neo4j/target/neo4j-db/neostore.relationshipstore.db hit=0 miss=0 switches=0 ooe=0
2014-04-20 04:07:18.972+0000 INFO  [org.neo4j]: db/Neo4j/target/neo4j-db/neostore.nodestore.db.labels hit=0 miss=0 switches=0 ooe=0
2014-04-20 04:07:18.973+0000 INFO  [org.neo4j]: db/Neo4j/target/neo4j-db/neostore.nodestore.db hit=0 miss=0 switches=0 ooe=0
2014-04-20 04:07:18.975+0000 INFO  [org.neo4j]: db/Neo4j/target/neo4j-db/neostore.schemastore.db hit=0 miss=0 switches=0 ooe=0
2014-04-20 04:07:18.977+0000 INFO  [org.neo4j]: db/Neo4j/target/neo4j-db/neostore hit=0 miss=16 switches=0 ooe=0
2014-04-20 04:07:18.979+0000 INFO  [org.neo4j]: NeoStore closed
2014-04-20 04:07:18.979+0000 INFO  [org.neo4j]: --- STOPPING diagnostics START ---
2014-04-20 04:07:18.979+0000 INFO  [org.neo4j]: --- STOPPING diagnostics END ---
2014-04-20 04:07:37.305+0000 INFO  [org.neo4j]: --- INITIALIZED diagnostics START ---
2014-04-20 04:07:37.317+0000 INFO  [org.neo4j]: Neo4j Kernel properties:
    neostore.propertystore.db.mapped_memory=625M
    neostore.nodestore.db.mapped_memory=173M
    neostore.relationshipstore.db.mapped_memory=765M
    neostore.propertystore.db.strings.mapped_memory=531M
    store_dir=db/Neo4j/target/neo4j-db
    neostore.propertystore.db.arrays.mapped_memory=602M
    ephemeral=false
2014-04-20 04:07:37.326+0000 INFO  [org.neo4j]: Diagnostics providers:
    org.neo4j.kernel.configuration.Config
    org.neo4j.kernel.info.DiagnosticsManager
    SYSTEM_MEMORY
    JAVA_MEMORY
    OPERATING_SYSTEM
    JAVA_VIRTUAL_MACHINE
    CLASSPATH
    LIBRARY_PATH
    SYSTEM_PROPERTIES
    NETWORK
2014-04-20 04:07:37.327+0000 INFO  [org.neo4j]: System memory information:
    Total Physical memory: 6.00 GB
    Free Physical memory: 128.00 MB
    Committed virtual memory: 64.00 MB
    Total swap space: 0.00 B
    Free swap space: 0.00 B
2014-04-20 04:07:37.330+0000 INFO  [org.neo4j]: JVM memory information:
    Free  memory: 4.44 MB
    Total memory: 8.63 MB
    Max   memory: 137.31 MB
    Garbage Collector: Copy: [Eden Space, Survivor Space]
    Garbage Collector: MarkSweepCompact: [Eden Space, Survivor Space, Tenured Gen, Perm Gen]
    Memory Pool: Code Cache (Non-heap memory): committed=2.44 MB, used=554.00 kB, max=48.00 MB, threshold=0.00 B
    Memory Pool: Eden Space (Heap memory): committed=2.44 MB, used=466.15 kB, max=37.94 MB, threshold=?
    Memory Pool: Survivor Space (Heap memory): committed=256.00 kB, used=256.00 kB, max=4.69 MB, threshold=?
    Memory Pool: Tenured Gen (Heap memory): committed=5.94 MB, used=3.52 MB, max=94.69 MB, threshold=0.00 B
    Memory Pool: Perm Gen (Non-heap memory): committed=20.75 MB, used=6.51 MB, max=82.00 MB, threshold=0.00 B
2014-04-20 04:07:37.336+0000 INFO  [org.neo4j]: Operating system information:
    Operating System: Mac OS X; version: 10.9.2; arch: x86_64; cpus: 4
    Max number of file descriptors: 10240
    Number of open file descriptors: 100
    Process id: 2652@Ameya-Koshti.local
    Byte order: LITTLE_ENDIAN
    Local timezone: America/Los_Angeles
2014-04-20 04:07:37.346+0000 INFO  [org.neo4j]: JVM information:
    VM Name: Java HotSpot(TM) 64-Bit Server VM
    VM Vendor: Oracle Corporation
    VM Version: 23.0-b21
    JIT compiler: HotSpot 64-Bit Tiered Compilers
    VM Arguments: [-Dfile.encoding=US-ASCII]
2014-04-20 04:07:37.347+0000 INFO  [org.neo4j]: Java classpath:
     [loader.1] file:/Library/Java/JavaVirtualMachines/1.7.0.jdk/Contents/Home/jre/lib/ext/localedata.jar
     [bootstrap] /Library/Java/JavaVirtualMachines/1.7.0.jdk/Contents/Home/jre/lib/rt.jar
     [loader.1] file:/System/Library/Java/Extensions/dns_sd.jar
     [classpath + loader.0] file:/Users/ameyakoshti/Documents/workspace/BG/lib/jackson-core-asl-1.5.2.jar
     [loader.1] file:/System/Library/Java/Extensions/MRJToolkit.jar
     [classpath + loader.0] file:/Users/ameyakoshti/Documents/workspace/BG/db/Blueprints/lib/blueprints/blueprints-neo4j-graph-2.4.0.jar
     [bootstrap] /Library/Java/JavaVirtualMachines/1.7.0.jdk/Contents/Home/jre/lib/jce.jar
     [loader.1] file:/System/Library/Java/Extensions/vecmath.jar
     [loader.1] file:/System/Library/Java/Extensions/libmlib_jai.jnilib
     [classpath + loader.0] file:/Users/ameyakoshti/Documents/workspace/BG/lib/slf4j-api-1.5.6.jar
     [classpath + loader.0] file:/Users/ameyakoshti/Documents/workspace/BG/lib/mongo-2.10.1.jar
     [classpath + loader.0] file:/Users/ameyakoshti/Documents/workspace/BG/lib/mysql-connector-java-5.1.18-bin.jar
     [classpath + loader.0] file:/Users/ameyakoshti/Documents/workspace/BG/lib/maven-ant-tasks-2.1.3.jar
     [loader.1] file:/Library/Java/JavaVirtualMachines/1.7.0.jdk/Contents/Home/jre/lib/ext/zipfs.jar
     [loader.1] file:/Library/Java/JavaVirtualMachines/1.7.0.jdk/Contents/Home/jre/lib/ext/dnsns.jar
     [classpath + loader.0] file:/Users/ameyakoshti/Documents/workspace/BG/db/Neo4j/lib/org.apache.servicemix.bundles.jline-0.9.94_1.jar
     [classpath + loader.0] file:/Users/ameyakoshti/Documents/workspace/BG/lib/jackson-mapper-asl-1.5.2.jar
     [classpath + loader.0] file:/Users/ameyakoshti/Documents/workspace/BG/db/Blueprints/lib/commons-configuration-1.10.jar
     [classpath + loader.0] file:/Users/ameyakoshti/Documents/workspace/BG/lib/slf4j-simple-1.5.6.jar
     [loader.1] file:/System/Library/Java/Extensions/libJ3D.jnilib
     [loader.1] file:/Library/Java/JavaVirtualMachines/1.7.0.jdk/Contents/Home/jre/lib/ext/sunec.jar
     [bootstrap] /Library/Java/JavaVirtualMachines/1.7.0.jdk/Contents/Home/jre/lib/jfr.jar
     [loader.1] file:/System/Library/Java/Extensions/mlibwrapper_jai.jar
     [loader.1] file:/System/Library/Java/Extensions/QTJava.zip
     [bootstrap] /Library/Java/JavaVirtualMachines/1.7.0.jdk/Contents/Home/jre/lib/JObjC.jar
     [loader.1] file:/Library/Java/Extensions/librxtxSerial.jnilib
     [classpath + loader.0] file:/Users/ameyakoshti/Documents/workspace/BG/db/Neo4j/lib/neo4j-graph-matching-2.0.1.jar
     [classpath + loader.0] file:/Users/ameyakoshti/Documents/workspace/BG/db/Neo4j/lib/neo4j-cypher-compiler-2.0-2.0.1.jar
     [classpath + loader.0] file:/Users/ameyakoshti/Documents/workspace/BG/db/Neo4j/lib/scala-library-2.10.3.jar
     [classpath + loader.0] file:/Users/ameyakoshti/Documents/workspace/BG/lib/mongo-2.7.3.jar
     [loader.1] file:/System/Library/Java/Extensions/libJ3DAudio.jnilib
     [loader.1] file:/System/Library/Java/Extensions/libAppleScriptEngine.jnilib
     [classpath + loader.0] file:/Users/ameyakoshti/Documents/workspace/BG/db/Neo4j/lib/server-api-2.0.1.jar
     [bootstrap] /Library/Java/JavaVirtualMachines/1.7.0.jdk/Contents/Home/jre/lib/sunrsasign.jar
     [classpath + loader.0] file:/Users/ameyakoshti/Documents/workspace/BG/db/Neo4j/lib/parboiled-scala_2.10-1.1.6.jar
     [loader.1] file:/System/Library/Java/Extensions/j3daudio.jar
     [bootstrap] /Library/Java/JavaVirtualMachines/1.7.0.jdk/Contents/Home/jre/classes
     [loader.1] file:/System/Library/Java/Extensions/libJ3DUtils.jnilib
     [loader.1] file:/System/Library/Java/Extensions/libQTJNative.jnilib
     [classpath + loader.0] file:/Users/ameyakoshti/Documents/workspace/BG/lib/ehcache-core-2.6.0.jar
     [loader.1] file:/System/Library/Java/Extensions/j3dcore.jar
     [classpath + loader.0] file:/Users/ameyakoshti/Documents/workspace/BG/db/Neo4j/lib/neo4j-jmx-2.0.1.jar
     [classpath + loader.0] file:/Users/ameyakoshti/Documents/workspace/BG/db/Neo4j/lib/neo4j-cypher-compiler-1.9-2.0.1.jar
     [classpath + loader.0] file:/Users/ameyakoshti/Documents/workspace/BG/db/Neo4j/lib/neo4j-lucene-index-2.0.1.jar
     [loader.1] file:/usr/lib/java/libjdns_sd.jnilib
     [classpath + loader.0] file:/Users/ameyakoshti/Documents/workspace/BG/db/Neo4j/lib/neo4j-kernel-2.0.1.jar
     [loader.1] file:/Library/Java/Extensions/DBusJava.jar
     [classpath + loader.0] file:/Users/ameyakoshti/Documents/workspace/BG/db/Neo4j/lib/neo4j-graph-algo-2.0.1.jar
     [loader.1] file:/System/Library/Java/Extensions/j3dutils.jar
     [classpath + loader.0] file:/Users/ameyakoshti/Documents/workspace/BG/lib/cosarjdbcOracle.jar
     [loader.1] file:/System/Library/Java/Extensions/jai_core.jar
     [classpath + loader.0] file:/Users/ameyakoshti/Documents/workspace/BG/lib/slf4j-nop-1.5.6.jar
     [classpath + loader.0] file:/Users/ameyakoshti/Documents/workspace/BG/lib/
     [classpath + loader.0] file:/Users/ameyakoshti/Documents/workspace/BG/lib/clirr-core-0.6-uber.jar
     [loader.1] file:/System/Library/Java/Extensions/jai_codec.jar
     [classpath + loader.0] file:/Users/ameyakoshti/Documents/workspace/BG/db/Blueprints/lib/frames/frames-kibble-2.5.0.jar
     [classpath + loader.0] file:/Users/ameyakoshti/Documents/workspace/BG/db/Blueprints/lib/commons-lang-2.6.jar
     [classpath + loader.0] file:/Users/ameyakoshti/Documents/workspace/BG/lib/WhalinMemcached.jar
     [classpath + loader.0] file:/Users/ameyakoshti/Documents/workspace/BG/db/Neo4j/lib/lucene-core-3.6.2.jar
     [classpath + loader.0] file:/Users/ameyakoshti/Documents/workspace/BG/lib/IntervalTree.jar
     [bootstrap] /Library/Java/JavaVirtualMachines/1.7.0.jdk/Contents/Home/jre/lib/charsets.jar
     [classpath + loader.0] file:/Users/ameyakoshti/Documents/workspace/BG/db/Blueprints/lib/commons-logging-1.1.3.jar
     [classpath + loader.0] file:/Users/ameyakoshti/Documents/workspace/BG/db/Neo4j/lib/concurrentlinkedhashmap-lru-1.3.1.jar
     [classpath + loader.0] file:/Users/ameyakoshti/Documents/workspace/BG/db/Blueprints/lib/blueprints/blueprints-core-2.4.0.jar
     [classpath + loader.0] file:/Users/ameyakoshti/Documents/workspace/BG/lib/ojdbc6.jar
     [loader.1] file:/Library/Java/Extensions/RXTXcomm.jar
     [classpath + loader.0] file:/Users/ameyakoshti/Documents/workspace/BG/lib/sqljdbc4.jar
     [classpath + loader.0] file:/Users/ameyakoshti/Documents/workspace/BG/bin/
     [classpath + loader.0] file:/Users/ameyakoshti/Documents/workspace/BG/db/Neo4j/lib/parboiled-core-1.1.6.jar
     [classpath + loader.0] file:/Users/ameyakoshti/Documents/workspace/BG/db/Neo4j/lib/neo4j-shell-2.0.1.jar
     [loader.1] file:/Library/Java/JavaVirtualMachines/1.7.0.jdk/Contents/Home/jre/lib/ext/sunjce_provider.jar
     [classpath + loader.0] file:/Users/ameyakoshti/Documents/workspace/BG/db/Neo4j/lib/neo4j-cypher-commons-2.0.1.jar
     [classpath + loader.0] file:/Users/ameyakoshti/Documents/workspace/BG/lib/testng-6.3.1.jar
     [classpath + loader.0] file:/Users/ameyakoshti/Documents/workspace/BG/lib/xmemcached-1.3.8.jar
     [classpath + loader.0] file:/Users/ameyakoshti/Documents/workspace/BG/db/Blueprints/lib/frames/frames-2.5.0.jar
     [loader.1] file:/Library/Java/JavaVirtualMachines/1.7.0.jdk/Contents/Home/jre/lib/ext/sunpkcs11.jar
     [classpath + loader.0] file:/Users/ameyakoshti/Documents/workspace/BG/db/Neo4j/lib/neo4j-udc-2.0.1.jar
     [classpath + loader.0] file:/Users/ameyakoshti/Documents/workspace/BG/db/Neo4j/lib/geronimo-jta_1.1_spec-1.1.1.jar
     [loader.1] file:/System/Library/Java/Extensions/AppleScriptEngine.jar
     [classpath + loader.0] file:/Users/ameyakoshti/Documents/workspace/BG/lib/ant-contrib-1.0b3.jar
     [bootstrap] /Library/Java/JavaVirtualMachines/1.7.0.jdk/Contents/Home/jre/lib/jsse.jar
     [classpath + loader.0] file:/Users/ameyakoshti/Documents/workspace/BG/db/Neo4j/lib/neo4j-cypher-2.0.1.jar
     [classpath + loader.0] file:/Users/ameyakoshti/Documents/workspace/BG/lib/spymemcached-2.8.4.jar
     [bootstrap] /Library/Java/JavaVirtualMachines/1.7.0.jdk/Contents/Home/jre/lib/resources.jar
2014-04-20 04:07:37.351+0000 INFO  [org.neo4j]: Library path:
    /Users/ameyakoshti/Library/Java/Extensions
    /Library/Java/Extensions
    /Network/Library/Java/Extensions
    /System/Library/Java/Extensions
    /usr/lib/java
    /Users/ameyakoshti/Documents/workspace/BG
2014-04-20 04:07:37.352+0000 INFO  [org.neo4j]: System.properties:
    sun.boot.library.path = /Library/Java/JavaVirtualMachines/1.7.0.jdk/Contents/Home/jre/lib
    user.country.format = US_POSIX
    gopherProxySet = false
    path.separator = :
    file.encoding.pkg = sun.io
    user.country = US
    sun.java.launcher = SUN_STANDARD
    sun.os.patch.level = unknown
    user.dir = /Users/ameyakoshti/Documents/workspace/BG
    sun.jnu.encoding = US-ASCII
    sun.management.compiler = HotSpot 64-Bit Tiered Compilers
    http.nonProxyHosts = local|*.local|169.254/16|*.169.254/16
    user.home = /Users/ameyakoshti
    user.timezone = America/Los_Angeles
    file.encoding = US-ASCII
    user.name = ameyakoshti
    sun.java.command = edu.usc.bg.BGMainClass onetime -load -db Neo4j.neo4j -P workloads/populateDB -p Neo4j.url=db/Neo4j/target/neo4j-db -p threadcount=10 -p insertimage=false
    sun.arch.data.model = 64
    user.language = en
    awt.toolkit = sun.lwawt.macosx.LWCToolkit
    file.separator = /
    sun.io.unicode.encoding = UnicodeBig
    sun.cpu.endian = little
    socksNonProxyHosts = local|*.local|169.254/16|*.169.254/16
    ftp.nonProxyHosts = local|*.local|169.254/16|*.169.254/16
    sun.cpu.isalist = 
2014-04-20 04:07:37.353+0000 INFO  [org.neo4j]: Network information:
    Interface en0:
        address: fe80:0:0:0:3e07:54ff:fe55:9821%4
        address: 192.168.0.5
    Interface lo0:
        address: fe80:0:0:0:0:0:0:1%1
        address: 0:0:0:0:0:0:0:1
        address: 127.0.0.1
2014-04-20 04:07:37.358+0000 INFO  [org.neo4j]: --- INITIALIZED diagnostics END ---
2014-04-20 04:07:37.569+0000 INFO  [org.neo4j]: [db/Neo4j/target/neo4j-db/neostore.relationshiptypestore.db.names] brickCount=0 brickSize=0b mappedMem=0b (storeSize=38b)
2014-04-20 04:07:37.574+0000 INFO  [org.neo4j]: [db/Neo4j/target/neo4j-db/neostore.relationshiptypestore.db] brickCount=0 brickSize=0b mappedMem=0b (storeSize=0b)
2014-04-20 04:07:37.575+0000 INFO  [org.neo4j]: [db/Neo4j/target/neo4j-db/neostore.labeltokenstore.db.names] brickCount=0 brickSize=0b mappedMem=0b (storeSize=38b)
2014-04-20 04:07:37.575+0000 INFO  [org.neo4j]: [db/Neo4j/target/neo4j-db/neostore.labeltokenstore.db] brickCount=0 brickSize=0b mappedMem=0b (storeSize=0b)
2014-04-20 04:07:37.576+0000 INFO  [org.neo4j]: [db/Neo4j/target/neo4j-db/neostore.propertystore.db.strings] brickCount=0 brickSize=556672b mappedMem=556793856b (storeSize=128b)
2014-04-20 04:07:37.576+0000 INFO  [org.neo4j]: [db/Neo4j/target/neo4j-db/neostore.propertystore.db.index.keys] brickCount=0 brickSize=0b mappedMem=0b (storeSize=38b)
2014-04-20 04:07:37.577+0000 INFO  [org.neo4j]: [db/Neo4j/target/neo4j-db/neostore.propertystore.db.index] brickCount=0 brickSize=0b mappedMem=0b (storeSize=0b)
2014-04-20 04:07:37.578+0000 INFO  [org.neo4j]: [db/Neo4j/target/neo4j-db/neostore.propertystore.db.arrays] brickCount=0 brickSize=631168b mappedMem=631242752b (storeSize=128b)
2014-04-20 04:07:37.580+0000 INFO  [org.neo4j]: [db/Neo4j/target/neo4j-db/neostore.propertystore.db] brickCount=0 brickSize=6553563b mappedMem=655360000b (storeSize=0b)
2014-04-20 04:07:37.583+0000 INFO  [org.neo4j]: [db/Neo4j/target/neo4j-db/neostore.relationshipstore.db] brickCount=0 brickSize=8021574b mappedMem=802160640b (storeSize=0b)
2014-04-20 04:07:37.583+0000 INFO  [org.neo4j]: [db/Neo4j/target/neo4j-db/neostore.nodestore.db.labels] brickCount=0 brickSize=0b mappedMem=0b (storeSize=68b)
2014-04-20 04:07:37.585+0000 INFO  [org.neo4j]: [db/Neo4j/target/neo4j-db/neostore.nodestore.db] brickCount=0 brickSize=1814036b mappedMem=181403648b (storeSize=0b)
2014-04-20 04:07:37.586+0000 INFO  [org.neo4j]: [db/Neo4j/target/neo4j-db/neostore.schemastore.db] brickCount=0 brickSize=0b mappedMem=0b (storeSize=64b)
2014-04-20 04:07:37.587+0000 INFO  [org.neo4j]: [db/Neo4j/target/neo4j-db/neostore] brickCount=0 brickSize=0b mappedMem=0b (storeSize=63b)
2014-04-20 04:07:37.783+0000 INFO  [org.neo4j]: Opened logical log [db/Neo4j/target/neo4j-db/nioneo_logical.log.1] version=1, lastTxId=1 (clean)
2014-04-20 04:07:37.797+0000 INFO  [org.neo4j]: TM opening log: db/Neo4j/target/neo4j-db/tm_tx_log.1
2014-04-20 04:07:37.820+0000 INFO  [org.neo4j]: Opened logical log [db/Neo4j/target/neo4j-db/index/lucene.log.1] version=1, lastTxId=1 (clean)
2014-04-20 04:07:37.926+0000 INFO  [org.neo4j]: --- STARTED diagnostics for KernelDiagnostics:Versions START ---
2014-04-20 04:07:37.926+0000 INFO  [org.neo4j]: Graph Database: org.neo4j.kernel.EmbeddedGraphDatabase StoreId[time:1397966834915, id:6876700014619853012, store version: 13843131341501958]
2014-04-20 04:07:37.926+0000 INFO  [org.neo4j]: Kernel version: Neo4j - Graph Database Kernel (neo4j-kernel), version: 2.0.1
2014-04-20 04:07:37.926+0000 INFO  [org.neo4j]: Neo4j component versions:
2014-04-20 04:07:37.932+0000 INFO  [org.neo4j]:   Neo4j - Lucene Index (neo4j-lucene-index), version: 2.0.1; revision: 2.0.1:master:878/8bb63c9c059d8a491b7909e08da86a820c28d3a5
2014-04-20 04:07:37.932+0000 INFO  [org.neo4j]:   Neo4j - JMX support (neo4j-jmx), version: 2.0.1; revision: 2.0.1:master:878/8bb63c9c059d8a491b7909e08da86a820c28d3a5
2014-04-20 04:07:37.932+0000 INFO  [org.neo4j]:   Neo4j - Graph Matching (neo4j-graph-matching), version: 2.0.1; revision: 2.0.1:master:878/8bb63c9c059d8a491b7909e08da86a820c28d3a5
2014-04-20 04:07:37.932+0000 INFO  [org.neo4j]:   Neo4j Server API (server-api), version: 2.0.1; revision: 2.0.1:master:878/8bb63c9c059d8a491b7909e08da86a820c28d3a5
2014-04-20 04:07:37.932+0000 INFO  [org.neo4j]:   Neo4j - Graph Database Kernel (neo4j-kernel), version: 2.0.1; revision: 2.0.1:master:878/8bb63c9c059d8a491b7909e08da86a820c28d3a5
2014-04-20 04:07:37.932+0000 INFO  [org.neo4j]:   Neo4j - Cypher (neo4j-cypher), version: 2.0.1; revision: 2.0.1:master:878/8bb63c9c059d8a491b7909e08da86a820c28d3a5
2014-04-20 04:07:37.932+0000 INFO  [org.neo4j]:   Neo4j - Graph Algorithms (neo4j-graph-algo), version: 2.0.1; revision: 2.0.1:master:878/8bb63c9c059d8a491b7909e08da86a820c28d3a5
2014-04-20 04:07:37.932+0000 INFO  [org.neo4j]:   Neo4j - Cypher Compiler 2.0 (neo4j-cypher-compiler-2.0), version: 2.0.1; revision: 2.0.1:master:878/8bb63c9c059d8a491b7909e08da86a820c28d3a5
2014-04-20 04:07:37.933+0000 INFO  [org.neo4j]:   Neo4j - Generic shell (neo4j-shell), version: 2.0.1; revision: 2.0.1:master:878/8bb63c9c059d8a491b7909e08da86a820c28d3a5
2014-04-20 04:07:37.933+0000 INFO  [org.neo4j]:   Neo4j - Cypher Compiler 1.9 (neo4j-cypher-compiler-1.9), version: 2.0.1; revision: 2.0.1:master:878/8bb63c9c059d8a491b7909e08da86a820c28d3a5
2014-04-20 04:07:37.933+0000 INFO  [org.neo4j]:   neo4j-udc, version: 2.0.1; revision: 2.0.1:master:878/8bb63c9c059d8a491b7909e08da86a820c28d3a5
2014-04-20 04:07:37.933+0000 INFO  [org.neo4j]:   Neo4j - Cypher Commons (neo4j-cypher-commons), version: 2.0.1; revision: 2.0.1:master:878/8bb63c9c059d8a491b7909e08da86a820c28d3a5
2014-04-20 04:07:37.933+0000 INFO  [org.neo4j]: --- STARTED diagnostics for KernelDiagnostics:Versions END ---
2014-04-20 04:07:37.937+0000 INFO  [org.neo4j]: --- STARTED diagnostics for NEO_STORE_VERSIONS START ---
2014-04-20 04:07:37.938+0000 INFO  [org.neo4j]: Store versions:
    Store versions:
      NeoStore v0.A.1
      SchemaStore v0.A.1
      NodeStore v0.A.1
      RelationshipStore v0.A.1
      RelationshipTypeStore v0.A.1
      LabelTokenStore v0.A.1
      PropertyStore v0.A.1
      PropertyIndexStore v0.A.1
      StringPropertyStore v0.A.1
      ArrayPropertyStore v0.A.1
2014-04-20 04:07:37.938+0000 INFO  [org.neo4j]: --- STARTED diagnostics for NEO_STORE_VERSIONS END ---
2014-04-20 04:07:37.938+0000 INFO  [org.neo4j]: --- STARTED diagnostics for NEO_STORE_ID_USAGE START ---
2014-04-20 04:07:37.938+0000 INFO  [org.neo4j]: Id usage:
    Id usage:
      SchemaStore: used=1 high=0
      NodeStore: used=0 high=-1
      RelationshipStore: used=0 high=-1
      RelationshipTypeStore: used=0 high=-1
      LabelTokenStore: used=0 high=-1
      PropertyStore: used=0 high=-1
      PropertyIndexStore: used=0 high=-1
      StringPropertyStore: used=1 high=0
      ArrayPropertyStore: used=1 high=0
2014-04-20 04:07:37.940+0000 INFO  [org.neo4j]: --- STARTED diagnostics for NEO_STORE_ID_USAGE END ---
2014-04-20 04:07:37.940+0000 INFO  [org.neo4j]: --- STARTED diagnostics for PERSISTENCE_WINDOW_POOL_STATS START ---
2014-04-20 04:07:37.940+0000 INFO  [org.neo4j]: --- STARTED diagnostics for PERSISTENCE_WINDOW_POOL_STATS END ---
2014-04-20 04:07:37.940+0000 INFO  [org.neo4j]: --- STARTED diagnostics for KernelDiagnostics:StoreFiles START ---
2014-04-20 04:07:37.941+0000 INFO  [org.neo4j]: Disk space on partition (Total / Free / Free %): 459248103424 / 133701656576 / 29
Storage files: (filename : modification date - size)
      active_tx_log: 2014-04-19T21:07:15-0700 - 11.00 B
      index:
        lucene-store.db: 2014-04-19T21:07:18-0700 - 40.00 B
        lucene.log.1: 2014-04-19T21:07:37-0700 - 16.00 B
        lucene.log.active: 2014-04-19T21:07:37-0700 - 4.00 B
        lucene.log.v0: 2014-04-19T21:07:18-0700 - 16.00 B
      - Total: 2014-04-19T21:07:37-0700 - 76.00 B
      lock: 2014-04-19T21:07:37-0700 - 0.00 B
      messages.log: 2014-04-19T21:07:37-0700 - 49.05 kB
      neostore: 2014-04-19T21:07:37-0700 - 63.00 B
      neostore.id: 2014-04-19T21:07:37-0700 - 9.00 B
      neostore.labeltokenstore.db: 2014-04-19T21:07:37-0700 - 0.00 B
      neostore.labeltokenstore.db.id: 2014-04-19T21:07:37-0700 - 9.00 B
      neostore.labeltokenstore.db.names: 2014-04-19T21:07:37-0700 - 38.00 B
      neostore.labeltokenstore.db.names.id: 2014-04-19T21:07:37-0700 - 9.00 B
      neostore.nodestore.db: 2014-04-19T21:07:37-0700 - 0.00 B
      neostore.nodestore.db.id: 2014-04-19T21:07:37-0700 - 9.00 B
      neostore.nodestore.db.labels: 2014-04-19T21:07:37-0700 - 68.00 B
      neostore.nodestore.db.labels.id: 2014-04-19T21:07:37-0700 - 9.00 B
      neostore.propertystore.db: 2014-04-19T21:07:37-0700 - 0.00 B
      neostore.propertystore.db.arrays: 2014-04-19T21:07:37-0700 - 128.00 B
      neostore.propertystore.db.arrays.id: 2014-04-19T21:07:37-0700 - 9.00 B
      neostore.propertystore.db.id: 2014-04-19T21:07:37-0700 - 9.00 B
      neostore.propertystore.db.index: 2014-04-19T21:07:37-0700 - 0.00 B
      neostore.propertystore.db.index.id: 2014-04-19T21:07:37-0700 - 9.00 B
      neostore.propertystore.db.index.keys: 2014-04-19T21:07:37-0700 - 38.00 B
      neostore.propertystore.db.index.keys.id: 2014-04-19T21:07:37-0700 - 9.00 B
      neostore.propertystore.db.strings: 2014-04-19T21:07:37-0700 - 128.00 B
      neostore.propertystore.db.strings.id: 2014-04-19T21:07:37-0700 - 9.00 B
      neostore.relationshipstore.db: 2014-04-19T21:07:37-0700 - 0.00 B
      neostore.relationshipstore.db.id: 2014-04-19T21:07:37-0700 - 9.00 B
      neostore.relationshiptypestore.db: 2014-04-19T21:07:37-0700 - 0.00 B
      neostore.relationshiptypestore.db.id: 2014-04-19T21:07:37-0700 - 9.00 B
      neostore.relationshiptypestore.db.names: 2014-04-19T21:07:37-0700 - 38.00 B
      neostore.relationshiptypestore.db.names.id: 2014-04-19T21:07:37-0700 - 9.00 B
      neostore.schemastore.db: 2014-04-19T21:07:37-0700 - 64.00 B
      neostore.schemastore.db.id: 2014-04-19T21:07:37-0700 - 9.00 B
      nioneo_logical.log.1: 2014-04-19T21:07:37-0700 - 16.00 B
      nioneo_logical.log.active: 2014-04-19T21:07:37-0700 - 4.00 B
      nioneo_logical.log.v0: 2014-04-19T21:07:18-0700 - 16.00 B
      schema:
        label:
          lucene:
            segments.gen: 2014-04-19T21:07:18-0700 - 20.00 B
            segments_1: 2014-04-19T21:07:18-0700 - 32.00 B
            write.lock: 2014-04-19T21:07:37-0700 - 0.00 B
          - Total: 2014-04-19T21:07:37-0700 - 52.00 B
        - Total: 2014-04-19T21:07:15-0700 - 52.00 B
      - Total: 2014-04-19T21:07:15-0700 - 52.00 B
      store_lock: 2014-04-19T21:07:14-0700 - 0.00 B
      tm_tx_log.1: 2014-04-19T21:07:37-0700 - 0.00 B
2014-04-20 04:07:37.959+0000 INFO  [org.neo4j]: --- STARTED diagnostics for KernelDiagnostics:StoreFiles END ---
2014-04-20 04:07:37.997+0000 INFO  [org.neo4j]: GC Monitor started. 
2014-04-20 04:07:37.997+0000 INFO  [org.neo4j]: Database is now ready
2014-04-20 04:07:39.506+0000 INFO  [org.neo4j]: Shutdown started
2014-04-20 04:07:39.510+0000 INFO  [org.neo4j]: Database is now unavailable
2014-04-20 04:07:39.840+0000 INFO  [org.neo4j]: GC Monitor stopped. 
2014-04-20 04:07:39.891+0000 INFO  [org.neo4j]: Closed log db/Neo4j/target/neo4j-db/index/lucene.log
2014-04-20 04:07:39.897+0000 INFO  [org.neo4j]: TM shutting down
2014-04-20 04:07:39.920+0000 INFO  [org.neo4j]: Closed log db/Neo4j/target/neo4j-db/nioneo_logical.log
2014-04-20 04:07:39.922+0000 INFO  [org.neo4j]: db/Neo4j/target/neo4j-db/neostore.relationshiptypestore.db.names hit=0 miss=0 switches=0 ooe=0
2014-04-20 04:07:39.932+0000 INFO  [org.neo4j]: db/Neo4j/target/neo4j-db/neostore.relationshiptypestore.db hit=0 miss=0 switches=0 ooe=0
2014-04-20 04:07:39.936+0000 INFO  [org.neo4j]: db/Neo4j/target/neo4j-db/neostore.labeltokenstore.db.names hit=0 miss=1 switches=0 ooe=0
2014-04-20 04:07:39.938+0000 INFO  [org.neo4j]: db/Neo4j/target/neo4j-db/neostore.labeltokenstore.db hit=0 miss=1 switches=0 ooe=0
2014-04-20 04:07:39.943+0000 INFO  [org.neo4j]: db/Neo4j/target/neo4j-db/neostore.propertystore.db.strings hit=400 miss=0 switches=0 ooe=0
2014-04-20 04:07:39.964+0000 INFO  [org.neo4j]: db/Neo4j/target/neo4j-db/neostore.propertystore.db.index.keys hit=0 miss=12 switches=0 ooe=0
2014-04-20 04:07:39.967+0000 INFO  [org.neo4j]: db/Neo4j/target/neo4j-db/neostore.propertystore.db.index hit=0 miss=12 switches=0 ooe=0
2014-04-20 04:07:39.969+0000 INFO  [org.neo4j]: db/Neo4j/target/neo4j-db/neostore.propertystore.db.arrays hit=0 miss=0 switches=0 ooe=0
2014-04-20 04:07:40.008+0000 INFO  [org.neo4j]: db/Neo4j/target/neo4j-db/neostore.propertystore.db hit=200 miss=0 switches=0 ooe=0
2014-04-20 04:07:40.010+0000 INFO  [org.neo4j]: db/Neo4j/target/neo4j-db/neostore.relationshipstore.db hit=0 miss=0 switches=0 ooe=0
2014-04-20 04:07:40.012+0000 INFO  [org.neo4j]: db/Neo4j/target/neo4j-db/neostore.nodestore.db.labels hit=0 miss=0 switches=0 ooe=0
2014-04-20 04:07:40.016+0000 INFO  [org.neo4j]: db/Neo4j/target/neo4j-db/neostore.nodestore.db hit=50 miss=0 switches=0 ooe=0
2014-04-20 04:07:40.040+0000 INFO  [org.neo4j]: db/Neo4j/target/neo4j-db/neostore.schemastore.db hit=0 miss=0 switches=0 ooe=0
2014-04-20 04:07:40.042+0000 INFO  [org.neo4j]: db/Neo4j/target/neo4j-db/neostore hit=0 miss=80 switches=0 ooe=0
2014-04-20 04:07:40.045+0000 INFO  [org.neo4j]: NeoStore closed
2014-04-20 04:07:40.045+0000 INFO  [org.neo4j]: --- STOPPING diagnostics START ---
2014-04-20 04:07:40.045+0000 INFO  [org.neo4j]: --- STOPPING diagnostics END ---
